C:\Program Files\Microsoft Visual Studio\2022\Community\MSBuild\Microsoft\VC\v170\Microsoft.CppBuild.targets(500,5): warning MSB8004: Output 디렉터리가 슬래시로 끝나지 않습니다. Output 디렉터리의 적절한 평가를 허용하는 데 필요하므로 이 빌드 인스턴스에서 슬래시를 추가합니다.
  StackAlloc.c
C:\Users\dahyu\source\repos\HDJM\StackAlloc\StackAlloc.c(6,22): warning C4273: 'GetAlignedSize_x86': dll 연결이 일치하지 않습니다.
C:\Users\dahyu\source\repos\HDJM\StackAlloc\StackAlloc.h(38,39): message : 'GetAlignedSize_x86'의 이전 정의를 참조하십시오.
C:\Users\dahyu\source\repos\HDJM\StackAlloc\StackAlloc.c(11,28): warning C4273: 'GetAlignedSize_x64': dll 연결이 일치하지 않습니다.
C:\Users\dahyu\source\repos\HDJM\StackAlloc\StackAlloc.h(39,45): message : 'GetAlignedSize_x64'의 이전 정의를 참조하십시오.
C:\Users\dahyu\source\repos\HDJM\StackAlloc\StackAlloc.c(16,18): warning C4273: 'CreateStack': dll 연결이 일치하지 않습니다.
C:\Users\dahyu\source\repos\HDJM\StackAlloc\StackAlloc.h(41,35): message : 'CreateStack'의 이전 정의를 참조하십시오.
C:\Users\dahyu\source\repos\HDJM\StackAlloc\StackAlloc.c(33,14): warning C4273: 'ReleaseStack': dll 연결이 일치하지 않습니다.
C:\Users\dahyu\source\repos\HDJM\StackAlloc\StackAlloc.h(42,31): message : 'ReleaseStack'의 이전 정의를 참조하십시오.
C:\Users\dahyu\source\repos\HDJM\StackAlloc\StackAlloc.c(39,14): warning C4273: 'StackOF': dll 연결이 일치하지 않습니다.
C:\Users\dahyu\source\repos\HDJM\StackAlloc\StackAlloc.h(43,31): message : 'StackOF'의 이전 정의를 참조하십시오.
C:\Users\dahyu\source\repos\HDJM\StackAlloc\StackAlloc.c(44,14): warning C4273: 'StackUF': dll 연결이 일치하지 않습니다.
C:\Users\dahyu\source\repos\HDJM\StackAlloc\StackAlloc.h(44,31): message : 'StackUF'의 이전 정의를 참조하십시오.
C:\Users\dahyu\source\repos\HDJM\StackAlloc\StackAlloc.c(49,15): warning C4273: 'SubSP': dll 연결이 일치하지 않습니다.
C:\Users\dahyu\source\repos\HDJM\StackAlloc\StackAlloc.h(45,32): message : 'SubSP'의 이전 정의를 참조하십시오.
C:\Users\dahyu\source\repos\HDJM\StackAlloc\StackAlloc.c(55,14): warning C4273: 'AddSP': dll 연결이 일치하지 않습니다.
C:\Users\dahyu\source\repos\HDJM\StackAlloc\StackAlloc.h(46,31): message : 'AddSP'의 이전 정의를 참조하십시오.
C:\Users\dahyu\source\repos\HDJM\StackAlloc\StackAlloc.c(60,14): warning C4273: 'Push': dll 연결이 일치하지 않습니다.
C:\Users\dahyu\source\repos\HDJM\StackAlloc\StackAlloc.h(47,31): message : 'Push'의 이전 정의를 참조하십시오.
C:\Users\dahyu\source\repos\HDJM\StackAlloc\StackAlloc.c(66,17): warning C4273: 'Pop': dll 연결이 일치하지 않습니다.
C:\Users\dahyu\source\repos\HDJM\StackAlloc\StackAlloc.h(48,34): message : 'Pop'의 이전 정의를 참조하십시오.
     ..\bin\x64\StackAlloc.lib 라이브러리 및 ..\bin\x64\StackAlloc.exp 개체를 생성하고 있습니다.
  StackAlloc.vcxproj -> C:\Users\dahyu\source\repos\HDJM\bin\x64\StackAlloc.dll
