C:\Program Files\Microsoft Visual Studio\2022\Community\MSBuild\Microsoft\VC\v170\Microsoft.CppBuild.targets(500,5): warning MSB8004: Output Directory does not end with a trailing slash.  This build instance will add the slash as it is required to allow proper evaluation of the Output Directory.
  StackAlloc.c
C:\Projects\HDJM2022SummerCSProject\StackAlloc\StackAlloc.c(6,22): warning C4273: 'GetAlignedSize_x86': inconsistent dll linkage
C:\Projects\HDJM2022SummerCSProject\StackAlloc\StackAlloc.h(26,39): message : see previous definition of 'GetAlignedSize_x86'
C:\Projects\HDJM2022SummerCSProject\StackAlloc\StackAlloc.c(11,28): warning C4273: 'GetAlignedSize_x64': inconsistent dll linkage
C:\Projects\HDJM2022SummerCSProject\StackAlloc\StackAlloc.h(27,45): message : see previous definition of 'GetAlignedSize_x64'
C:\Projects\HDJM2022SummerCSProject\StackAlloc\StackAlloc.c(16,18): warning C4273: 'CreateStack': inconsistent dll linkage
C:\Projects\HDJM2022SummerCSProject\StackAlloc\StackAlloc.h(29,35): message : see previous definition of 'CreateStack'
C:\Projects\HDJM2022SummerCSProject\StackAlloc\StackAlloc.c(33,14): warning C4273: 'ReleaseStack': inconsistent dll linkage
C:\Projects\HDJM2022SummerCSProject\StackAlloc\StackAlloc.h(30,31): message : see previous definition of 'ReleaseStack'
C:\Projects\HDJM2022SummerCSProject\StackAlloc\StackAlloc.c(39,14): warning C4273: 'StackOF': inconsistent dll linkage
C:\Projects\HDJM2022SummerCSProject\StackAlloc\StackAlloc.h(31,31): message : see previous definition of 'StackOF'
C:\Projects\HDJM2022SummerCSProject\StackAlloc\StackAlloc.c(44,14): warning C4273: 'StackUF': inconsistent dll linkage
C:\Projects\HDJM2022SummerCSProject\StackAlloc\StackAlloc.h(32,31): message : see previous definition of 'StackUF'
C:\Projects\HDJM2022SummerCSProject\StackAlloc\StackAlloc.c(49,15): warning C4273: 'SubSP': inconsistent dll linkage
C:\Projects\HDJM2022SummerCSProject\StackAlloc\StackAlloc.h(33,32): message : see previous definition of 'SubSP'
C:\Projects\HDJM2022SummerCSProject\StackAlloc\StackAlloc.c(55,14): warning C4273: 'AddSP': inconsistent dll linkage
C:\Projects\HDJM2022SummerCSProject\StackAlloc\StackAlloc.h(34,31): message : see previous definition of 'AddSP'
C:\Projects\HDJM2022SummerCSProject\StackAlloc\StackAlloc.c(60,14): warning C4273: 'Push': inconsistent dll linkage
C:\Projects\HDJM2022SummerCSProject\StackAlloc\StackAlloc.h(35,31): message : see previous definition of 'Push'
C:\Projects\HDJM2022SummerCSProject\StackAlloc\StackAlloc.c(66,17): warning C4273: 'Pop': inconsistent dll linkage
C:\Projects\HDJM2022SummerCSProject\StackAlloc\StackAlloc.h(36,34): message : see previous definition of 'Pop'
     Creating library ..\bin\x64\StackAlloc.lib and object ..\bin\x64\StackAlloc.exp
  Generating code
  Previous IPDB not found, fall back to full compilation.
  All 10 functions were compiled because no usable IPDB/IOBJ from previous compilation was found.
  Finished generating code
  StackAlloc.vcxproj -> C:\Projects\HDJM2022SummerCSProject\bin\x64\StackAlloc.dll
